15:29:10.867 INFO [GridLauncherV3.launch] - Selenium build info: version: '3.11.0', revision: 'e59cfb3'
15:29:10.867 INFO [GridLauncherV3$1.launch] - Launching a standalone Selenium Server on port 4444
2018-04-27 15:29:10.983:INFO::main: Logging initialized @367ms to org.seleniumhq.jetty9.util.log.StdErrLog
15:29:11.200 INFO [SeleniumServer.boot] - Welcome to Selenium for Workgroups....
15:29:11.200 INFO [SeleniumServer.boot] - Selenium Server is up and running on port 4444
15:29:11.433 INFO [ActiveSessionFactory.apply] - Capabilities are: Capabilities {acceptSslCerts: true, browserName: chrome, chromeOptions: {args: [disable-web-security, ignore-certificate-errors, --test-type]}, javascriptEnabled: true, name: TS AP 001}
15:29:11.433 INFO [ActiveSessionFactory.lambda$apply$11] - Matched factory org.openqa.selenium.remote.server.ServicedSession$Factory (provider: org.openqa.selenium.chrome.ChromeDriverService)
Starting ChromeDriver 2.37.544315 (730aa6a5fdba159ac9f4c1e8cbc59bf1b5ce12b7) on port 24403
Only local connections are allowed.
15:29:13.657 INFO [ProtocolHandshake.createSession] - Detected dialect: OSS
15:29:13.900 INFO [RemoteSession$Factory.lambda$performHandshake$0] - Started new session a578757bcddb2f9fe6d98cd998f9e691 (org.openqa.selenium.chrome.ChromeDriverService)
15:29:32.448 INFO [ActiveSessionFactory.apply] - Capabilities are: Capabilities {acceptSslCerts: true, browserName: chrome, chromeOptions: {args: [disable-web-security, ignore-certificate-errors, --test-type]}, javascriptEnabled: true, name: TS AP 002}
15:29:32.448 INFO [ActiveSessionFactory.lambda$apply$11] - Matched factory org.openqa.selenium.remote.server.ServicedSession$Factory (provider: org.openqa.selenium.chrome.ChromeDriverService)
Starting ChromeDriver 2.37.544315 (730aa6a5fdba159ac9f4c1e8cbc59bf1b5ce12b7) on port 8033
Only local connections are allowed.
15:29:34.425 INFO [ProtocolHandshake.createSession] - Detected dialect: OSS
15:29:34.472 INFO [RemoteSession$Factory.lambda$performHandshake$0] - Started new session 512232aa1a35e876721d4820fa2b0681 (org.openqa.selenium.chrome.ChromeDriverService)
15:29:54.102 INFO [ActiveSessionFactory.apply] - Capabilities are: Capabilities {acceptSslCerts: true, browserName: chrome, chromeOptions: {args: [disable-web-security, ignore-certificate-errors, --test-type]}, javascriptEnabled: true, name: TS AP 003}
15:29:54.102 INFO [ActiveSessionFactory.lambda$apply$11] - Matched factory org.openqa.selenium.remote.server.ServicedSession$Factory (provider: org.openqa.selenium.chrome.ChromeDriverService)
Starting ChromeDriver 2.37.544315 (730aa6a5fdba159ac9f4c1e8cbc59bf1b5ce12b7) on port 23960
Only local connections are allowed.
15:29:56.089 INFO [ProtocolHandshake.createSession] - Detected dialect: OSS
15:29:56.135 INFO [RemoteSession$Factory.lambda$performHandshake$0] - Started new session 88d02a6944b77fb5b52f95f563c8d32b (org.openqa.selenium.chrome.ChromeDriverService)
15:30:08.316 INFO [ActiveSessionFactory.apply] - Capabilities are: Capabilities {acceptSslCerts: true, browserName: chrome, chromeOptions: {args: [disable-web-security, ignore-certificate-errors, --test-type]}, javascriptEnabled: true, name: Create Initiatives}
15:30:08.316 INFO [ActiveSessionFactory.lambda$apply$11] - Matched factory org.openqa.selenium.remote.server.ServicedSession$Factory (provider: org.openqa.selenium.chrome.ChromeDriverService)
Starting ChromeDriver 2.37.544315 (730aa6a5fdba159ac9f4c1e8cbc59bf1b5ce12b7) on port 15282
Only local connections are allowed.
15:30:10.294 INFO [ProtocolHandshake.createSession] - Detected dialect: OSS
15:30:10.340 INFO [RemoteSession$Factory.lambda$performHandshake$0] - Started new session 2c2d008462298e173917a4b4ec386a81 (org.openqa.selenium.chrome.ChromeDriverService)
